<?xml version="1.0" encoding="utf-8"?>
<TestRun id="de879a4b-c98f-4626-b0cc-1ca64a7d6de9" name="gmohan.g@INBDTL1CSS-5397 2026-03-25 17:49:12" runUser="CONCENTRIX\gmohan.g" xmlns="http://microsoft.com/schemas/VisualStudio/TeamTest/2010">
  <Times creation="2026-03-25T17:49:12.0933512+05:30" queuing="2026-03-25T17:49:12.0933516+05:30" start="2026-03-25T17:49:08.0204073+05:30" finish="2026-03-25T17:49:12.1043159+05:30" />
  <TestSettings name="default" id="e7a7b47c-5156-41bd-a80e-35f46f711d94">
    <Deployment runDeploymentRoot="gmohan.g_INBDTL1CSS-5397_2026-03-25_17_49_12" />
  </TestSettings>
  <Results>
    <UnitTestResult executionId="e24cc846-51ff-4e94-afcb-bf818bf63087" testId="5215efad-54cc-269d-1fce-aa02223c2234" testName="EPExcel.ML.Tests.FormulaTests.LINEST_SimpleSlope" computerName="INBDTL1CSS-5397" duration="00:00:00.3158713" startTime="2026-03-25T17:49:11.9506705+05:30" endTime="2026-03-25T17:49:11.9506822+05:30" testType="13cdc9d9-ddb5-4fa4-a97d-d965ccfc6d4b" outcome="Failed" testListId="8c84fa94-04c1-424b-9868-57a2d4851a1d" relativeResultsDirectory="e24cc846-51ff-4e94-afcb-bf818bf63087">
      <Output>
        <ErrorInfo>
          <Message>Expected r not to be &lt;null&gt;.</Message>
          <StackTrace>   at FluentAssertions.Execution.XUnit2TestFramework.Throw(String message)&#xD;
   at FluentAssertions.Execution.TestFrameworkProvider.Throw(String message)&#xD;
   at FluentAssertions.Execution.DefaultAssertionStrategy.HandleFailure(String message)&#xD;
   at FluentAssertions.Execution.AssertionScope.FailWith(Func`1 failReasonFunc)&#xD;
   at FluentAssertions.Execution.AssertionScope.FailWith(Func`1 failReasonFunc)&#xD;
   at FluentAssertions.Execution.AssertionScope.FailWith(String message)&#xD;
   at FluentAssertions.Primitives.ReferenceTypeAssertions`2.NotBeNull(String because, Object[] becauseArgs)&#xD;
   at EPExcel.ML.Tests.FormulaTests.LINEST_SimpleSlope() in C:\appdev\EPExcel.ML\EPExcelML\tests\EPExcel.ML.Tests\CoreTests.cs:line 53&#xD;
   at System.RuntimeMethodHandle.InvokeMethod(Object target, Void** arguments, Signature sig, Boolean isConstructor)&#xD;
   at System.Reflection.MethodBaseInvoker.InvokeWithNoArgs(Object obj, BindingFlags invokeAttr)</StackTrace>
        </ErrorInfo>
      </Output>
    </UnitTestResult>
  </Results>
  <TestDefinitions>
    <UnitTest name="EPExcel.ML.Tests.FormulaTests.LINEST_SimpleSlope" storage="c:\appdev\EPExcel.ml\EPExcelml\tests\EPExcel.ml.tests\bin\debug\net8.0\EPExcel.ml.tests.dll" id="5215efad-54cc-269d-1fce-aa02223c2234">
      <Execution id="e24cc846-51ff-4e94-afcb-bf818bf63087" />
      <TestMethod codeBase="C:\appdev\EPExcel.ML\EPExcelML\tests\EPExcel.ML.Tests\bin\Debug\net8.0\EPExcel.ML.Tests.dll" adapterTypeName="executor://xunit/VsTestRunner2/netcoreapp" className="EPExcel.ML.Tests.FormulaTests" name="LINEST_SimpleSlope" />
    </UnitTest>
  </TestDefinitions>
  <TestEntries>
    <TestEntry testId="5215efad-54cc-269d-1fce-aa02223c2234" executionId="e24cc846-51ff-4e94-afcb-bf818bf63087" testListId="8c84fa94-04c1-424b-9868-57a2d4851a1d" />
  </TestEntries>
  <TestLists>
    <TestList name="Results Not in a List" id="8c84fa94-04c1-424b-9868-57a2d4851a1d" />
    <TestList name="All Loaded Results" id="19431567-8539-422a-85d7-44ee4e166bda" />
  </TestLists>
  <ResultSummary outcome="Failed">
    <Counters total="1" executed="1" passed="0" failed="1" error="0" timeout="0" aborted="0" inconclusive="0" passedButRunAborted="0" notRunnable="0" notExecuted="0" disconnected="0" warning="0" completed="0" inProgress="0" pending="0" />
    <Output>
      <StdOut>[xUnit.net 00:00:00.00] xUnit.net VSTest Adapter v2.8.2+699d445a1a (64-bit .NET 8.0.24)&#xD;
[xUnit.net 00:00:00.40]   Discovering: EPExcel.ML.Tests&#xD;
[xUnit.net 00:00:00.54]   Discovered:  EPExcel.ML.Tests&#xD;
[xUnit.net 00:00:00.54]   Starting:    EPExcel.ML.Tests&#xD;
[xUnit.net 00:00:00.90]       Expected r not to be &lt;null&gt;.&#xD;
[xUnit.net 00:00:00.90]       Stack Trace:&#xD;
[xUnit.net 00:00:00.90]            at FluentAssertions.Execution.XUnit2TestFramework.Throw(String message)&#xD;
[xUnit.net 00:00:00.90]            at FluentAssertions.Execution.TestFrameworkProvider.Throw(String message)&#xD;
[xUnit.net 00:00:00.90]            at FluentAssertions.Execution.DefaultAssertionStrategy.HandleFailure(String message)&#xD;
[xUnit.net 00:00:00.90]            at FluentAssertions.Execution.AssertionScope.FailWith(Func`1 failReasonFunc)&#xD;
[xUnit.net 00:00:00.90]            at FluentAssertions.Execution.AssertionScope.FailWith(Func`1 failReasonFunc)&#xD;
[xUnit.net 00:00:00.91]            at FluentAssertions.Execution.AssertionScope.FailWith(String message)&#xD;
[xUnit.net 00:00:00.91]            at FluentAssertions.Primitives.ReferenceTypeAssertions`2.NotBeNull(String because, Object[] becauseArgs)&#xD;
[xUnit.net 00:00:00.91]         C:\appdev\EPExcel.ML\EPExcelML\tests\EPExcel.ML.Tests\CoreTests.cs(53,0): at EPExcel.ML.Tests.FormulaTests.LINEST_SimpleSlope()&#xD;
[xUnit.net 00:00:00.91]            at System.RuntimeMethodHandle.InvokeMethod(Object target, Void** arguments, Signature sig, Boolean isConstructor)&#xD;
[xUnit.net 00:00:00.91]            at System.Reflection.MethodBaseInvoker.InvokeWithNoArgs(Object obj, BindingFlags invokeAttr)&#xD;
[xUnit.net 00:00:00.91]   Finished:    EPExcel.ML.Tests&#xD;
</StdOut>
    </Output>
    <RunInfos>
      <RunInfo computerName="INBDTL1CSS-5397" outcome="Error" timestamp="2026-03-25T17:49:11.9467385+05:30">
        <Text>[xUnit.net 00:00:00.90]     EPExcel.ML.Tests.FormulaTests.LINEST_SimpleSlope [FAIL]</Text>
      </RunInfo>
    </RunInfos>
  </ResultSummary>
</TestRun>